This file contains any messages produced by compilers while
running configure, to aid debugging if configure makes a mistake.

It was created by configure, which was
generated by GNU Autoconf 2.68.  Invocation command line was

  $ ./configure 

## --------- ##
## Platform. ##
## --------- ##

hostname = zms-virtual-machine
uname -m = i686
uname -r = 3.2.0-60-generic-pae
uname -s = Linux
uname -v = #91-Ubuntu SMP Wed Feb 19 04:14:56 UTC 2014

/usr/bin/uname -p = unknown
/bin/uname -X     = unknown

/bin/arch              = unknown
/usr/bin/arch -k       = unknown
/usr/convex/getsysinfo = unknown
/usr/bin/hostinfo      = unknown
/bin/machine           = unknown
/usr/bin/oslevel       = unknown
/bin/universe          = unknown

PATH: /usr/bin
PATH: /usr/local/bin
PATH: /usr/local/sbin
PATH: /usr/sbin
PATH: /sbin
PATH: /bin
PATH: /usr/local/sbin
PATH: /usr/local/bin
PATH: /usr/sbin
PATH: /usr/bin
PATH: /sbin
PATH: /bin
PATH: /usr/games


## ----------- ##
## Core tests. ##
## ----------- ##

configure:2531: checking for a BSD-compatible install
configure:2599: result: /usr/bin/install -c
configure:2610: checking whether build environment is sane
configure:2660: result: yes
configure:2801: checking for a thread-safe mkdir -p
configure:2840: result: /bin/mkdir -p
configure:2853: checking for gawk
configure:2883: result: no
configure:2853: checking for mawk
configure:2869: found /usr/bin/mawk
configure:2880: result: mawk
configure:2891: checking whether make sets $(MAKE)
configure:2913: result: yes
configure:3020: checking for style of include used by make
configure:3048: result: GNU
configure:3118: checking for gcc
configure:3134: found /usr/bin/gcc
configure:3145: result: gcc
configure:3374: checking for C compiler version
configure:3383: gcc --version >&5
gcc (Ubuntu/Linaro 4.6.3-1ubuntu5) 4.6.3
Copyright (C) 2011 Free Software Foundation, Inc.
This is free software; see the source for copying conditions.  There is NO
warranty; not even for MERCHANTABILITY or FITNESS FOR A PARTICULAR PURPOSE.

configure:3394: $? = 0
configure:3383: gcc -v >&5
Using built-in specs.
COLLECT_GCC=gcc
COLLECT_LTO_WRAPPER=/usr/lib/gcc/i686-linux-gnu/4.6/lto-wrapper
Target: i686-linux-gnu
Configured with: ../src/configure -v --with-pkgversion='Ubuntu/Linaro 4.6.3-1ubuntu5' --with-bugurl=file:///usr/share/doc/gcc-4.6/README.Bugs --enable-languages=c,c++,fortran,objc,obj-c++ --prefix=/usr --program-suffix=-4.6 --enable-shared --enable-linker-build-id --with-system-zlib --libexecdir=/usr/lib --without-included-gettext --enable-threads=posix --with-gxx-include-dir=/usr/include/c++/4.6 --libdir=/usr/lib --enable-nls --with-sysroot=/ --enable-clocale=gnu --enable-libstdcxx-debug --enable-libstdcxx-time=yes --enable-gnu-unique-object --enable-plugin --enable-objc-gc --enable-targets=all --disable-werror --with-arch-32=i686 --with-tune=generic --enable-checking=release --build=i686-linux-gnu --host=i686-linux-gnu --target=i686-linux-gnu
Thread model: posix
gcc version 4.6.3 (Ubuntu/Linaro 4.6.3-1ubuntu5) 
configure:3394: $? = 0
configure:3383: gcc -V >&5
gcc: error: unrecognized option '-V'
gcc: fatal error: no input files
compilation terminated.
configure:3394: $? = 4
configure:3383: gcc -qversion >&5
gcc: error: unrecognized option '-qversion'
gcc: fatal error: no input files
compilation terminated.
configure:3394: $? = 4
configure:3414: checking whether the C compiler works
configure:3436: gcc    conftest.c  >&5
configure:3440: $? = 0
configure:3488: result: yes
configure:3491: checking for C compiler default output file name
configure:3493: result: a.out
configure:3499: checking for suffix of executables
configure:3506: gcc -o conftest    conftest.c  >&5
configure:3510: $? = 0
configure:3532: result: 
configure:3554: checking whether we are cross compiling
configure:3562: gcc -o conftest    conftest.c  >&5
configure:3566: $? = 0
configure:3573: ./conftest
configure:3577: $? = 0
configure:3592: result: no
configure:3597: checking for suffix of object files
configure:3619: gcc -c   conftest.c >&5
configure:3623: $? = 0
configure:3644: result: o
configure:3648: checking whether we are using the GNU C compiler
configure:3667: gcc -c   conftest.c >&5
configure:3667: $? = 0
configure:3676: result: yes
configure:3685: checking whether gcc accepts -g
configure:3705: gcc -c -g  conftest.c >&5
configure:3705: $? = 0
configure:3746: result: yes
configure:3763: checking for gcc option to accept ISO C89
configure:3827: gcc  -c -g -O2  conftest.c >&5
configure:3827: $? = 0
configure:3840: result: none needed
configure:3862: checking dependency style of gcc
configure:3972: result: gcc3
configure:3988: checking for library containing strerror
configure:4019: gcc -o conftest -g -O2   conftest.c  >&5
configure:4019: $? = 0
configure:4036: result: none required
configure:4092: checking for gcc
configure:4119: result: gcc
configure:4348: checking for C compiler version
configure:4357: gcc --version >&5
gcc (Ubuntu/Linaro 4.6.3-1ubuntu5) 4.6.3
Copyright (C) 2011 Free Software Foundation, Inc.
This is free software; see the source for copying conditions.  There is NO
warranty; not even for MERCHANTABILITY or FITNESS FOR A PARTICULAR PURPOSE.

configure:4368: $? = 0
configure:4357: gcc -v >&5
Using built-in specs.
COLLECT_GCC=gcc
COLLECT_LTO_WRAPPER=/usr/lib/gcc/i686-linux-gnu/4.6/lto-wrapper
Target: i686-linux-gnu
Configured with: ../src/configure -v --with-pkgversion='Ubuntu/Linaro 4.6.3-1ubuntu5' --with-bugurl=file:///usr/share/doc/gcc-4.6/README.Bugs --enable-languages=c,c++,fortran,objc,obj-c++ --prefix=/usr --program-suffix=-4.6 --enable-shared --enable-linker-build-id --with-system-zlib --libexecdir=/usr/lib --without-included-gettext --enable-threads=posix --with-gxx-include-dir=/usr/include/c++/4.6 --libdir=/usr/lib --enable-nls --with-sysroot=/ --enable-clocale=gnu --enable-libstdcxx-debug --enable-libstdcxx-time=yes --enable-gnu-unique-object --enable-plugin --enable-objc-gc --enable-targets=all --disable-werror --with-arch-32=i686 --with-tune=generic --enable-checking=release --build=i686-linux-gnu --host=i686-linux-gnu --target=i686-linux-gnu
Thread model: posix
gcc version 4.6.3 (Ubuntu/Linaro 4.6.3-1ubuntu5) 
configure:4368: $? = 0
configure:4357: gcc -V >&5
gcc: error: unrecognized option '-V'
gcc: fatal error: no input files
compilation terminated.
configure:4368: $? = 4
configure:4357: gcc -qversion >&5
gcc: error: unrecognized option '-qversion'
gcc: fatal error: no input files
compilation terminated.
configure:4368: $? = 4
configure:4372: checking whether we are using the GNU C compiler
configure:4400: result: yes
configure:4409: checking whether gcc accepts -g
configure:4470: result: yes
configure:4487: checking for gcc option to accept ISO C89
configure:4564: result: none needed
configure:4586: checking dependency style of gcc
configure:4696: result: gcc3
configure:4716: checking how to run the C preprocessor
configure:4747: gcc -E  conftest.c
configure:4747: $? = 0
configure:4761: gcc -E  conftest.c
conftest.c:11:28: fatal error: ac_nonexistent.h: No such file or directory
compilation terminated.
configure:4761: $? = 1
configure: failed program was:
| /* confdefs.h */
| #define PACKAGE_NAME ""
| #define PACKAGE_TARNAME ""
| #define PACKAGE_VERSION ""
| #define PACKAGE_STRING ""
| #define PACKAGE_BUGREPORT ""
| #define PACKAGE_URL ""
| #define PACKAGE "planner"
| #define VERSION "0.14.6"
| /* end confdefs.h.  */
| #include <ac_nonexistent.h>
configure:4786: result: gcc -E
configure:4806: gcc -E  conftest.c
configure:4806: $? = 0
configure:4820: gcc -E  conftest.c
conftest.c:11:28: fatal error: ac_nonexistent.h: No such file or directory
compilation terminated.
configure:4820: $? = 1
configure: failed program was:
| /* confdefs.h */
| #define PACKAGE_NAME ""
| #define PACKAGE_TARNAME ""
| #define PACKAGE_VERSION ""
| #define PACKAGE_STRING ""
| #define PACKAGE_BUGREPORT ""
| #define PACKAGE_URL ""
| #define PACKAGE "planner"
| #define VERSION "0.14.6"
| /* end confdefs.h.  */
| #include <ac_nonexistent.h>
configure:4849: checking for grep that handles long lines and -e
configure:4907: result: /bin/grep
configure:4912: checking for egrep
configure:4974: result: /bin/grep -E
configure:4979: checking for ANSI C header files
configure:4999: gcc -c -g -O2  conftest.c >&5
configure:4999: $? = 0
configure:5072: gcc -o conftest -g -O2   conftest.c  >&5
configure:5072: $? = 0
configure:5072: ./conftest
configure:5072: $? = 0
configure:5083: result: yes
configure:5151: checking build system type
configure:5165: result: i686-pc-linux-gnu
configure:5185: checking host system type
configure:5198: result: i686-pc-linux-gnu
configure:5218: checking for a sed that does not truncate output
configure:5282: result: /bin/sed
configure:5300: checking for fgrep
configure:5362: result: /bin/grep -F
configure:5397: checking for ld used by gcc
configure:5464: result: /usr/bin/ld
configure:5471: checking if the linker (/usr/bin/ld) is GNU ld
configure:5486: result: yes
configure:5498: checking for BSD- or MS-compatible name lister (nm)
configure:5547: result: /usr/bin/nm -B
configure:5665: checking the name lister (/usr/bin/nm -B) interface
configure:5672: gcc -c -g -O2  conftest.c >&5
configure:5675: /usr/bin/nm -B "conftest.o"
configure:5678: output
00000000 B some_variable
configure:5685: result: BSD nm
configure:5688: checking whether ln -s works
configure:5692: result: yes
configure:5700: checking the maximum length of command line arguments
configure:5820: result: 1572864
configure:5837: checking whether the shell understands some XSI constructs
configure:5847: result: yes
configure:5851: checking whether the shell understands "+="
configure:5857: result: yes
configure:5892: checking for /usr/bin/ld option to reload object files
configure:5899: result: -r
configure:5968: checking for objdump
configure:5984: found /usr/bin/objdump
configure:5995: result: objdump
configure:6027: checking how to recognize dependent libraries
configure:6223: result: pass_all
configure:6283: checking for ar
configure:6299: found /usr/bin/ar
configure:6310: result: ar
configure:6388: checking for strip
configure:6404: found /usr/bin/strip
configure:6415: result: strip
configure:6487: checking for ranlib
configure:6503: found /usr/bin/ranlib
configure:6514: result: ranlib
configure:6604: checking command to parse /usr/bin/nm -B output from gcc object
configure:6722: gcc -c -g -O2  conftest.c >&5
configure:6725: $? = 0
configure:6729: /usr/bin/nm -B conftest.o \| sed -n -e 's/^.*[	 ]\([ABCDGIRSTW][ABCDGIRSTW]*\)[	 ][	 ]*\([_A-Za-z][_A-Za-z0-9]*\)$/\1 \2 \2/p' \> conftest.nm
configure:6732: $? = 0
configure:6786: gcc -o conftest -g -O2   conftest.c conftstm.o >&5
configure:6789: $? = 0
configure:6827: result: ok
configure:7635: checking for sys/types.h
configure:7635: gcc -c -g -O2  conftest.c >&5
configure:7635: $? = 0
configure:7635: result: yes
configure:7635: checking for sys/stat.h
configure:7635: gcc -c -g -O2  conftest.c >&5
configure:7635: $? = 0
configure:7635: result: yes
configure:7635: checking for stdlib.h
configure:7635: gcc -c -g -O2  conftest.c >&5
configure:7635: $? = 0
configure:7635: result: yes
configure:7635: checking for string.h
configure:7635: gcc -c -g -O2  conftest.c >&5
configure:7635: $? = 0
configure:7635: result: yes
configure:7635: checking for memory.h
configure:7635: gcc -c -g -O2  conftest.c >&5
configure:7635: $? = 0
configure:7635: result: yes
configure:7635: checking for strings.h
configure:7635: gcc -c -g -O2  conftest.c >&5
configure:7635: $? = 0
configure:7635: result: yes
configure:7635: checking for inttypes.h
configure:7635: gcc -c -g -O2  conftest.c >&5
configure:7635: $? = 0
configure:7635: result: yes
configure:7635: checking for stdint.h
configure:7635: gcc -c -g -O2  conftest.c >&5
configure:7635: $? = 0
configure:7635: result: yes
configure:7635: checking for unistd.h
configure:7635: gcc -c -g -O2  conftest.c >&5
configure:7635: $? = 0
configure:7635: result: yes
configure:7649: checking for dlfcn.h
configure:7649: gcc -c -g -O2  conftest.c >&5
configure:7649: $? = 0
configure:7649: result: yes
configure:7803: checking for objdir
configure:7818: result: .libs
configure:8110: checking if gcc supports -fno-rtti -fno-exceptions
configure:8128: gcc -c -g -O2  -fno-rtti -fno-exceptions conftest.c >&5
cc1: warning: command line option '-fno-rtti' is valid for C++/ObjC++ but not for C [enabled by default]
configure:8132: $? = 0
configure:8145: result: no
configure:8165: checking for gcc option to produce PIC
configure:8437: result: -fPIC -DPIC
configure:8449: checking if gcc PIC flag -fPIC -DPIC works
configure:8467: gcc -c -g -O2  -fPIC -DPIC -DPIC conftest.c >&5
configure:8471: $? = 0
configure:8484: result: yes
configure:8508: checking if gcc static flag -static works
configure:8536: result: yes
configure:8551: checking if gcc supports -c -o file.o
configure:8572: gcc -c -g -O2  -o out/conftest2.o conftest.c >&5
configure:8576: $? = 0
configure:8598: result: yes
configure:8606: checking if gcc supports -c -o file.o
configure:8653: result: yes
configure:8686: checking whether the gcc linker (/usr/bin/ld) supports shared libraries
configure:9672: result: yes
configure:9709: checking whether -lc should be explicitly linked in
configure:9714: gcc -c -g -O2  conftest.c >&5
configure:9717: $? = 0
configure:9732: gcc -shared conftest.o  -v -Wl,-soname -Wl,conftest -o conftest 2\>\&1 \| /bin/grep  -lc  \>/dev/null 2\>\&1
configure:9735: $? = 0
configure:9747: result: no
configure:9911: checking dynamic linker characteristics
configure:10344: gcc -o conftest -g -O2   -Wl,-rpath -Wl,/foo conftest.c  >&5
configure:10344: $? = 0
configure:10565: result: GNU/Linux ld.so
configure:10667: checking how to hardcode library paths into programs
configure:10692: result: immediate
configure:11212: checking whether stripping libraries is possible
configure:11217: result: yes
configure:11252: checking if libtool supports shared libraries
configure:11254: result: yes
configure:11257: checking whether to build shared libraries
configure:11278: result: yes
configure:11281: checking whether to build static libraries
configure:11285: result: no
configure:11400: checking for pkg-config
configure:11418: found /usr/bin/pkg-config
configure:11430: result: /usr/bin/pkg-config
configure:11455: checking pkg-config is at least version 0.16
configure:11458: result: yes
configure:11476: checking for GLIB - version >= 2.0.0
configure:11591: gcc -o conftest -g -O2 -I/usr/include/glib-2.0 -I/usr/lib/i386-linux-gnu/glib-2.0/include     conftest.c -lglib-2.0    >&5
configure:11591: $? = 0
configure:11591: ./conftest
configure:11591: $? = 1
configure: program exited with status 1
configure: failed program was:
| /* confdefs.h */
| #define PACKAGE_NAME ""
| #define PACKAGE_TARNAME ""
| #define PACKAGE_VERSION ""
| #define PACKAGE_STRING ""
| #define PACKAGE_BUGREPORT ""
| #define PACKAGE_URL ""
| #define PACKAGE "planner"
| #define VERSION "0.14.6"
| #define STDC_HEADERS 1
| #define HAVE_SYS_TYPES_H 1
| #define HAVE_SYS_STAT_H 1
| #define HAVE_STDLIB_H 1
| #define HAVE_STRING_H 1
| #define HAVE_MEMORY_H 1
| #define HAVE_STRINGS_H 1
| #define HAVE_INTTYPES_H 1
| #define HAVE_STDINT_H 1
| #define HAVE_UNISTD_H 1
| #define HAVE_DLFCN_H 1
| #define LT_OBJDIR ".libs/"
| /* end confdefs.h.  */
| 
| #include <glib.h>
| #include <stdio.h>
| #include <stdlib.h>
| 
| int
| main ()
| {
|   int major, minor, micro;
|   char *tmp_version;
|   int ignored;
| 
|   ignored = system ("touch conf.glibtest");
| 
|   /* HP/UX 9 (%@#!) writes to sscanf strings */
|   tmp_version = g_strdup("2.0.0");
|   if (sscanf(tmp_version, "%d.%d.%d", &major, &minor, &micro) != 3) {
|      printf("%s, bad version string\n", "2.0.0");
|      exit(1);
|    }
| 
|   if ((glib_major_version != 2) ||
|       (glib_minor_version != 32) ||
|       (glib_micro_version != 4))
|     {
|       printf("\n*** 'pkg-config --modversion glib-2.0' returned %d.%d.%d, but GLIB (%d.%d.%d)\n",
|              2, 32, 4,
|              glib_major_version, glib_minor_version, glib_micro_version);
|       printf ("*** was found! If pkg-config was correct, then it is best\n");
|       printf ("*** to remove the old version of GLib. You may also be able to fix the error\n");
|       printf("*** by modifying your LD_LIBRARY_PATH enviroment variable, or by editing\n");
|       printf("*** /etc/ld.so.conf. Make sure you have run ldconfig if that is\n");
|       printf("*** required on your system.\n");
|       printf("*** If pkg-config was wrong, set the environment variable PKG_CONFIG_PATH\n");
|       printf("*** to point to the correct configuration files\n");
|     }
|   else if ((glib_major_version != GLIB_MAJOR_VERSION) ||
| 	   (glib_minor_version != GLIB_MINOR_VERSION) ||
|            (glib_micro_version != GLIB_MICRO_VERSION))
|     {
|       printf("*** GLIB header files (version %d.%d.%d) do not match\n",
| 	     GLIB_MAJOR_VERSION, GLIB_MINOR_VERSION, GLIB_MICRO_VERSION);
|       printf("*** library (version %d.%d.%d)\n",
| 	     glib_major_version, glib_minor_version, glib_micro_version);
|     }
|   else
|     {
|       if ((glib_major_version > major) ||
|         ((glib_major_version == major) && (glib_minor_version > minor)) ||
|         ((glib_major_version == major) && (glib_minor_version == minor) && (glib_micro_version >= micro)))
|       {
|         return 0;
|        }
|      else
|       {
|         printf("\n*** An old version of GLIB (%d.%d.%d) was found.\n",
|                glib_major_version, glib_minor_version, glib_micro_version);
|         printf("*** You need a version of GLIB newer than %d.%d.%d. The latest version of\n",
| 	       major, minor, micro);
|         printf("*** GLIB is always available from ftp://ftp.gtk.org.\n");
|         printf("***\n");
|         printf("*** If you have already installed a sufficiently new version, this error\n");
|         printf("*** probably means that the wrong copy of the pkg-config shell script is\n");
|         printf("*** being found. The easiest way to fix this is to remove the old version\n");
|         printf("*** of GLIB, but you can also set the PKG_CONFIG environment to point to the\n");
|         printf("*** correct copy of pkg-config. (In this case, you will have to\n");
|         printf("*** modify your LD_LIBRARY_PATH enviroment variable, or edit /etc/ld.so.conf\n");
|         printf("*** so that the correct libraries are found at run-time))\n");
|       }
|     }
|   return 1;
| }
| 
configure:11609: result: no
configure:11746: checking what warning flags to pass to the C compiler
configure:11748: result: 
configure:11756: checking whether NLS is requested
configure:11765: result: yes
configure:11780: checking for intltool >= 0.35.5
configure:11787: result: 0.50.2 found
configure:11795: checking for intltool-update
configure:11813: found /usr/bin/intltool-update
configure:11825: result: /usr/bin/intltool-update
configure:11835: checking for intltool-merge
configure:11853: found /usr/bin/intltool-merge
configure:11865: result: /usr/bin/intltool-merge
configure:11875: checking for intltool-extract
configure:11893: found /usr/bin/intltool-extract
configure:11905: result: /usr/bin/intltool-extract
configure:12036: checking for xgettext
configure:12054: found /usr/bin/xgettext
configure:12066: result: /usr/bin/xgettext
configure:12076: checking for msgmerge
configure:12094: found /usr/bin/msgmerge
configure:12106: result: /usr/bin/msgmerge
configure:12116: checking for msgfmt
configure:12134: found /usr/bin/msgfmt
configure:12146: result: /usr/bin/msgfmt
configure:12156: checking for gmsgfmt
configure:12187: result: /usr/bin/msgfmt
configure:12207: checking for perl
configure:12225: found /usr/bin/perl
configure:12237: result: /usr/bin/perl
configure:12248: checking for perl >= 5.8.1
configure:12255: result: 5.14.2
configure:12259: checking for XML::Parser
configure:12262: result: ok
configure:12287: gcc -o conftest -g -O2   conftest.c  >&5
configure:12287: $? = 0
configure:12316: checking for pkg-config
configure:12347: result: /usr/bin/pkg-config
configure:12362: checking for update-mime-database
configure:12380: found /usr/bin/update-mime-database
configure:12393: result: /usr/bin/update-mime-database
configure:12403: checking for update-desktop-database
configure:12421: found /usr/bin/update-desktop-database
configure:12434: result: /usr/bin/update-desktop-database
configure:12462: checking for gconftool-2
configure:12480: found /usr/bin/gconftool-2
configure:12493: result: /usr/bin/gconftool-2
configure:12519: result: Using config source xml:merged:/etc/gconf/gconf.xml.defaults for schema installation
configure:12534: result: Using $(sysconfdir)/gconf/schemas as install directory for schema files
configure:12588: checking whether to build gtk-doc documentation
configure:12590: result: no
configure:12597: checking for gtkdoc-check
configure:12630: result: no
configure:12891: checking for PLANNER
configure:12906: $PKG_CONFIG --exists --print-errors "
	glib-2.0 >= $GLIB_REQUIRED
	gobject-2.0 gmodule-2.0
	gtk+-2.0 >= $GTK_REQUIRED
	libgnomecanvas-2.0 >= $LIBGNOMECANVAS_REQUIRED
	libgnomeui-2.0 >= $LIBGNOMEUI_REQUIRED
	libglade-2.0 >= $LIBGLADE_REQUIRED
	gconf-2.0 >= $GCONF_REQUIRED
"
configure:12917: $? = 0
configure:12946: $PKG_CONFIG --exists --print-errors "
	glib-2.0 >= $GLIB_REQUIRED
	gobject-2.0 gmodule-2.0
	gtk+-2.0 >= $GTK_REQUIRED
	libgnomecanvas-2.0 >= $LIBGNOMECANVAS_REQUIRED
	libgnomeui-2.0 >= $LIBGNOMEUI_REQUIRED
	libglade-2.0 >= $LIBGLADE_REQUIRED
	gconf-2.0 >= $GCONF_REQUIRED
"
configure:12957: $? = 0
configure:13043: result: yes
configure:13057: checking for LIBPLANNER
configure:13068: $PKG_CONFIG --exists --print-errors "
	glib-2.0 >= $GLIB_REQUIRED
	libxml-2.0 >= $LIBXML_REQUIRED
	gobject-2.0 gmodule-2.0
"
configure:13075: $? = 0
configure:13096: $PKG_CONFIG --exists --print-errors "
	glib-2.0 >= $GLIB_REQUIRED
	libxml-2.0 >= $LIBXML_REQUIRED
	gobject-2.0 gmodule-2.0
"
configure:13103: $? = 0
configure:13173: result: yes
configure:13181: checking for XSLT
configure:13188: $PKG_CONFIG --exists --print-errors "libxslt >= $LIBXSLT_REQUIRED libexslt"
configure:13191: $? = 0
configure:13204: $PKG_CONFIG --exists --print-errors "libxslt >= $LIBXSLT_REQUIRED libexslt"
configure:13207: $? = 0
configure:13261: result: yes
configure:13270: checking for scrollkeeper-config
configure:13288: found /usr/bin/scrollkeeper-config
configure:13301: result: /usr/bin/scrollkeeper-config
configure:13325: checking locale.h usability
configure:13325: gcc -c -g -O2  conftest.c >&5
configure:13325: $? = 0
configure:13325: result: yes
configure:13325: checking locale.h presence
configure:13325: gcc -E  conftest.c
configure:13325: $? = 0
configure:13325: result: yes
configure:13325: checking for locale.h
configure:13325: result: yes
configure:13336: checking for LC_MESSAGES
configure:13352: gcc -o conftest -g -O2   conftest.c  >&5
configure:13352: $? = 0
configure:13360: result: yes
configure:13377: checking libintl.h usability
configure:13377: gcc -c -g -O2  conftest.c >&5
configure:13377: $? = 0
configure:13377: result: yes
configure:13377: checking libintl.h presence
configure:13377: gcc -E  conftest.c
configure:13377: $? = 0
configure:13377: result: yes
configure:13377: checking for libintl.h
configure:13377: result: yes
configure:13385: checking for ngettext in libc
configure:13403: gcc -o conftest -g -O2   conftest.c  >&5
configure:13403: $? = 0
configure:13412: result: yes
configure:13416: checking for dgettext in libc
configure:13434: gcc -o conftest -g -O2   conftest.c  >&5
configure:13434: $? = 0
configure:13443: result: yes
configure:13450: checking for bind_textdomain_codeset
configure:13450: gcc -o conftest -g -O2   conftest.c  >&5
configure:13450: $? = 0
configure:13450: result: yes
configure:13726: checking for msgfmt
configure:13753: result: /usr/bin/msgfmt
configure:13764: checking for dcgettext
configure:13764: gcc -o conftest -g -O2   conftest.c   >&5
conftest.c:52:6: warning: conflicting types for built-in function 'dcgettext' [enabled by default]
configure:13764: $? = 0
configure:13764: result: yes
configure:13774: checking if msgfmt accepts -c
configure:13789: $MSGFMT -c -o /dev/null conftest.foo
configure:13792: $? = 0
configure:13794: result: yes
configure:13804: checking for gmsgfmt
configure:13835: result: /usr/bin/msgfmt
configure:13845: checking for xgettext
configure:13872: result: /usr/bin/xgettext
configure:13891: gcc -o conftest -g -O2   conftest.c   >&5
configure:13891: $? = 0
configure:14087: checking for a Python interpreter with version >= 2.2
configure:14104: python -c import sys # split strings by '.' and convert to numeric. Append some zeros # because we need at least 4 digits for the hex conversion. # map returns an iterator in Python 3.0 and a list in 2.x minver = list(map(int, '2.2'.split('.'))) + [0, 0, 0] minverhex = 0 # xrange is not present in Python 3.0 and range returns an iterator for i in list(range(0, 4)): minverhex = (minverhex << 8) + minver[i] sys.exit(sys.hexversion < minverhex)
configure:14107: $? = 0
configure:14113: result: python
configure:14121: checking for python
configure:14139: found /usr/bin/python
configure:14151: result: /usr/bin/python
configure:14169: checking for python version
configure:14176: result: 2.7
configure:14188: checking for python platform
configure:14195: result: linux2
configure:14202: checking for python script directory
configure:14223: result: ${prefix}/lib/python2.7/dist-packages
configure:14232: checking for python extension module directory
configure:14253: result: ${exec_prefix}/lib/python2.7/dist-packages
configure:14267: checking for headers required to compile python extensions
configure:14282: gcc -E  -I/usr/include/python2.7 conftest.c
conftest.c:32:20: fatal error: Python.h: No such file or directory
compilation terminated.
configure:14282: $? = 1
configure: failed program was:
| /* confdefs.h */
| #define PACKAGE_NAME ""
| #define PACKAGE_TARNAME ""
| #define PACKAGE_VERSION ""
| #define PACKAGE_STRING ""
| #define PACKAGE_BUGREPORT ""
| #define PACKAGE_URL ""
| #define PACKAGE "planner"
| #define VERSION "0.14.6"
| #define STDC_HEADERS 1
| #define HAVE_SYS_TYPES_H 1
| #define HAVE_SYS_STAT_H 1
| #define HAVE_STDLIB_H 1
| #define HAVE_STRING_H 1
| #define HAVE_MEMORY_H 1
| #define HAVE_STRINGS_H 1
| #define HAVE_INTTYPES_H 1
| #define HAVE_STDINT_H 1
| #define HAVE_UNISTD_H 1
| #define HAVE_DLFCN_H 1
| #define LT_OBJDIR ".libs/"
| #define WITH_GNOME 1
| #define GETTEXT_PACKAGE "planner"
| #define HAVE_LOCALE_H 1
| #define HAVE_LC_MESSAGES 1
| #define HAVE_BIND_TEXTDOMAIN_CODESET 1
| #define HAVE_GETTEXT 1
| #define HAVE_DCGETTEXT 1
| #define ENABLE_NLS 1
| #define GNOMELOCALEDIR "/usr/local/share/locale"
| /* end confdefs.h.  */
| #include <Python.h>
configure:14287: result: not found
configure:14295: checking for Python library path

## ---------------- ##
## Cache variables. ##
## ---------------- ##

ac_cv_build=i686-pc-linux-gnu
ac_cv_c_compiler_gnu=yes
ac_cv_env_CC_set=
ac_cv_env_CC_value=
ac_cv_env_CFLAGS_set=
ac_cv_env_CFLAGS_value=
ac_cv_env_CPPFLAGS_set=
ac_cv_env_CPPFLAGS_value=
ac_cv_env_CPP_set=
ac_cv_env_CPP_value=
ac_cv_env_EDS_BACKEND_CFLAGS_set=
ac_cv_env_EDS_BACKEND_CFLAGS_value=
ac_cv_env_EDS_BACKEND_LIBS_set=
ac_cv_env_EDS_BACKEND_LIBS_value=
ac_cv_env_EDS_CFLAGS_set=
ac_cv_env_EDS_CFLAGS_value=
ac_cv_env_EDS_LIBS_set=
ac_cv_env_EDS_LIBS_value=
ac_cv_env_GDA_CFLAGS_set=
ac_cv_env_GDA_CFLAGS_value=
ac_cv_env_GDA_LIBS_set=
ac_cv_env_GDA_LIBS_value=
ac_cv_env_LDFLAGS_set=
ac_cv_env_LDFLAGS_value=
ac_cv_env_LIBPLANNER_CFLAGS_set=
ac_cv_env_LIBPLANNER_CFLAGS_value=
ac_cv_env_LIBPLANNER_LIBS_set=
ac_cv_env_LIBPLANNER_LIBS_value=
ac_cv_env_LIBS_set=
ac_cv_env_LIBS_value=
ac_cv_env_PKG_CONFIG_set=
ac_cv_env_PKG_CONFIG_value=
ac_cv_env_PLANNER_CFLAGS_set=
ac_cv_env_PLANNER_CFLAGS_value=
ac_cv_env_PLANNER_LIBS_set=
ac_cv_env_PLANNER_LIBS_value=
ac_cv_env_PYGTK_CFLAGS_set=
ac_cv_env_PYGTK_CFLAGS_value=
ac_cv_env_PYGTK_LIBS_set=
ac_cv_env_PYGTK_LIBS_value=
ac_cv_env_XSLT_CFLAGS_set=
ac_cv_env_XSLT_CFLAGS_value=
ac_cv_env_XSLT_LIBS_set=
ac_cv_env_XSLT_LIBS_value=
ac_cv_env_build_alias_set=
ac_cv_env_build_alias_value=
ac_cv_env_host_alias_set=
ac_cv_env_host_alias_value=
ac_cv_env_target_alias_set=
ac_cv_env_target_alias_value=
ac_cv_func_bind_textdomain_codeset=yes
ac_cv_func_dcgettext=yes
ac_cv_header_dlfcn_h=yes
ac_cv_header_inttypes_h=yes
ac_cv_header_libintl_h=yes
ac_cv_header_locale_h=yes
ac_cv_header_memory_h=yes
ac_cv_header_stdc=yes
ac_cv_header_stdint_h=yes
ac_cv_header_stdlib_h=yes
ac_cv_header_string_h=yes
ac_cv_header_strings_h=yes
ac_cv_header_sys_stat_h=yes
ac_cv_header_sys_types_h=yes
ac_cv_header_unistd_h=yes
ac_cv_host=i686-pc-linux-gnu
ac_cv_objext=o
ac_cv_path_EGREP='/bin/grep -E'
ac_cv_path_FGREP='/bin/grep -F'
ac_cv_path_GCONFTOOL=/usr/bin/gconftool-2
ac_cv_path_GMSGFMT=/usr/bin/msgfmt
ac_cv_path_GREP=/bin/grep
ac_cv_path_INTLTOOL_EXTRACT=/usr/bin/intltool-extract
ac_cv_path_INTLTOOL_MERGE=/usr/bin/intltool-merge
ac_cv_path_INTLTOOL_PERL=/usr/bin/perl
ac_cv_path_INTLTOOL_UPDATE=/usr/bin/intltool-update
ac_cv_path_MSGFMT=/usr/bin/msgfmt
ac_cv_path_MSGMERGE=/usr/bin/msgmerge
ac_cv_path_PKG_CONFIG=/usr/bin/pkg-config
ac_cv_path_PYTHON=/usr/bin/python
ac_cv_path_SCROLLKEEPER_CONFIG=/usr/bin/scrollkeeper-config
ac_cv_path_SED=/bin/sed
ac_cv_path_UPDATE_DESKTOP_DATABASE=/usr/bin/update-desktop-database
ac_cv_path_UPDATE_MIME_DATABASE=/usr/bin/update-mime-database
ac_cv_path_XGETTEXT=/usr/bin/xgettext
ac_cv_path_ac_pt_PKG_CONFIG=/usr/bin/pkg-config
ac_cv_path_install='/usr/bin/install -c'
ac_cv_path_mkdir=/bin/mkdir
ac_cv_prog_AWK=mawk
ac_cv_prog_CPP='gcc -E'
ac_cv_prog_ac_ct_AR=ar
ac_cv_prog_ac_ct_CC=gcc
ac_cv_prog_ac_ct_OBJDUMP=objdump
ac_cv_prog_ac_ct_RANLIB=ranlib
ac_cv_prog_ac_ct_STRIP=strip
ac_cv_prog_cc_c89=
ac_cv_prog_cc_g=yes
ac_cv_prog_make_make_set=yes
ac_cv_search_strerror='none required'
am_cv_CC_dependencies_compiler_type=gcc3
am_cv_pathless_PYTHON=python
am_cv_python_platform=linux2
am_cv_python_pyexecdir='${exec_prefix}/lib/python2.7/dist-packages'
am_cv_python_pythondir='${prefix}/lib/python2.7/dist-packages'
am_cv_python_version=2.7
am_cv_val_LC_MESSAGES=yes
gt_cv_func_dgettext_libc=yes
gt_cv_func_dgettext_libintl=no
gt_cv_func_ngettext_libc=yes
gt_cv_have_gettext=yes
lt_cv_deplibs_check_method=pass_all
lt_cv_file_magic_cmd='$MAGIC_CMD'
lt_cv_file_magic_test_file=
lt_cv_ld_reload_flag=-r
lt_cv_nm_interface='BSD nm'
lt_cv_objdir=.libs
lt_cv_path_LD=/usr/bin/ld
lt_cv_path_NM='/usr/bin/nm -B'
lt_cv_prog_compiler_c_o=yes
lt_cv_prog_compiler_pic_works=yes
lt_cv_prog_compiler_rtti_exceptions=no
lt_cv_prog_compiler_static_works=yes
lt_cv_prog_gnu_ld=yes
lt_cv_sys_global_symbol_pipe='sed -n -e '\''s/^.*[	 ]\([ABCDGIRSTW][ABCDGIRSTW]*\)[	 ][	 ]*\([_A-Za-z][_A-Za-z0-9]*\)$/\1 \2 \2/p'\'''
lt_cv_sys_global_symbol_to_c_name_address='sed -n -e '\''s/^: \([^ ]*\) $/  {\"\1\", (void *) 0},/p'\'' -e '\''s/^[ABCDGIRSTW]* \([^ ]*\) \([^ ]*\)$/  {"\2", (void *) \&\2},/p'\'''
lt_cv_sys_global_symbol_to_c_name_address_lib_prefix='sed -n -e '\''s/^: \([^ ]*\) $/  {\"\1\", (void *) 0},/p'\'' -e '\''s/^[ABCDGIRSTW]* \([^ ]*\) \(lib[^ ]*\)$/  {"\2", (void *) \&\2},/p'\'' -e '\''s/^[ABCDGIRSTW]* \([^ ]*\) \([^ ]*\)$/  {"lib\2", (void *) \&\2},/p'\'''
lt_cv_sys_global_symbol_to_cdecl='sed -n -e '\''s/^T .* \(.*\)$/extern int \1();/p'\'' -e '\''s/^[ABCDGIRSTW]* .* \(.*\)$/extern char \1;/p'\'''
lt_cv_sys_max_cmd_len=1572864
pkg_cv_LIBPLANNER_CFLAGS='-pthread -I/usr/include/glib-2.0 -I/usr/lib/i386-linux-gnu/glib-2.0/include -I/usr/include/libxml2  '
pkg_cv_LIBPLANNER_LIBS='-Wl,--export-dynamic -pthread -lxml2 -lgobject-2.0 -lgmodule-2.0 -lrt -lglib-2.0  '
pkg_cv_PLANNER_CFLAGS='-pthread -DORBIT2=1 -D_REENTRANT -I/usr/include/glib-2.0 -I/usr/lib/i386-linux-gnu/glib-2.0/include -I/usr/include/gtk-2.0 -I/usr/lib/i386-linux-gnu/gtk-2.0/include -I/usr/include/atk-1.0 -I/usr/include/cairo -I/usr/include/gdk-pixbuf-2.0 -I/usr/include/pango-1.0 -I/usr/include/gio-unix-2.0/ -I/usr/include/pixman-1 -I/usr/include/freetype2 -I/usr/include/libpng12 -I/usr/include/libgnomecanvas-2.0 -I/usr/include/gail-1.0 -I/usr/include/libart-2.0 -I/usr/include/libgnomeui-2.0 -I/usr/include/gconf/2 -I/usr/include/gnome-keyring-1 -I/usr/include/libgnome-2.0 -I/usr/include/libbonoboui-2.0 -I/usr/include/gnome-vfs-2.0 -I/usr/lib/i386-linux-gnu/gnome-vfs-2.0/include -I/usr/include/dbus-1.0 -I/usr/lib/i386-linux-gnu/dbus-1.0/include -I/usr/include/orbit-2.0 -I/usr/include/libbonobo-2.0 -I/usr/include/bonobo-activation-2.0 -I/usr/include/libxml2 -I/usr/include/libglade-2.0  '
pkg_cv_PLANNER_LIBS='-Wl,--export-dynamic -pthread -lgnomeui-2 -lSM -lICE -lbonoboui-2 -lgnomevfs-2 -lgnomecanvas-2 -lgnome-2 -lpopt -lbonobo-2 -lbonobo-activation -lORBit-2 -lart_lgpl_2 -lgthread-2.0 -lgmodule-2.0 -lrt -lglade-2.0 -lgtk-x11-2.0 -lxml2 -lgdk-x11-2.0 -latk-1.0 -lgio-2.0 -lpangoft2-1.0 -lpangocairo-1.0 -lgdk_pixbuf-2.0 -lcairo -lpango-1.0 -lfreetype -lfontconfig -lgobject-2.0 -lgconf-2 -lglib-2.0  '
pkg_cv_XSLT_CFLAGS='-I/usr/include/libxml2  '
pkg_cv_XSLT_LIBS='-lexslt -lxslt -lxml2  '

## ----------------- ##
## Output variables. ##
## ----------------- ##

ACLOCAL='${SHELL} /home/zms/workspace/Plannerbinxy/missing --run aclocal-1.11'
ACLOCAL_AMFLAGS=''
ALL_LINGUAS=''
AMDEPBACKSLASH='\'
AMDEP_FALSE='#'
AMDEP_TRUE=''
AMTAR='${SHELL} /home/zms/workspace/Plannerbinxy/missing --run tar'
AM_BACKSLASH='\'
AM_DEFAULT_VERBOSITY='0'
AR='ar'
AUTOCONF='${SHELL} /home/zms/workspace/Plannerbinxy/missing --run autoconf'
AUTOHEADER='${SHELL} /home/zms/workspace/Plannerbinxy/missing --run autoheader'
AUTOMAKE='${SHELL} /home/zms/workspace/Plannerbinxy/missing --run automake-1.11'
AWK='mawk'
CATALOGS=''
CATOBJEXT='.gmo'
CC='gcc'
CCDEPMODE='depmode=gcc3'
CFLAGS='-g -O2'
CPP='gcc -E'
CPPFLAGS=''
CYGPATH_W='echo'
DATADIRNAME='share'
DEFS=''
DEPDIR='.deps'
DSYMUTIL=''
DUMPBIN=''
ECHO_C=''
ECHO_N='-n'
ECHO_T=''
EDS_BACKEND_CFLAGS=''
EDS_BACKEND_LIBS=''
EDS_CFLAGS=''
EDS_LIBS=''
EGREP='/bin/grep -E'
ENABLE_GTK_DOC_FALSE=''
ENABLE_GTK_DOC_TRUE='#'
ENABLE_UPDATE_MIMEDB_FALSE='#'
ENABLE_UPDATE_MIMEDB_TRUE=''
EXEEXT=''
FGREP='/bin/grep -F'
GCONFTOOL='/usr/bin/gconftool-2'
GCONF_SCHEMAS_INSTALL_FALSE='#'
GCONF_SCHEMAS_INSTALL_TRUE=''
GCONF_SCHEMA_CONFIG_SOURCE='xml:merged:/etc/gconf/gconf.xml.defaults'
GCONF_SCHEMA_FILE_DIR='$(sysconfdir)/gconf/schemas'
GDA_CFLAGS=''
GDA_LIBS=''
GDA_VER=''
GETTEXT_PACKAGE='planner'
GLIB_CFLAGS=''
GLIB_GENMARSHAL=''
GLIB_LIBS=''
GLIB_MKENUMS=''
GMOFILES=''
GMSGFMT='/usr/bin/msgfmt'
GOBJECT_QUERY=''
GREP='/bin/grep'
GTKDOC_CHECK=''
GTK_DOC_USE_LIBTOOL_FALSE='#'
GTK_DOC_USE_LIBTOOL_TRUE=''
HAVE_EDS_BACKEND_FALSE=''
HAVE_EDS_BACKEND_TRUE=''
HAVE_EDS_PLUGIN_FALSE=''
HAVE_EDS_PLUGIN_TRUE=''
HAVE_GDA_FALSE=''
HAVE_GDA_TRUE='#'
HAVE_PYTHON_FALSE=''
HAVE_PYTHON_PLUGIN_FALSE=''
HAVE_PYTHON_PLUGIN_TRUE=''
HAVE_PYTHON_TRUE=''
HAVE_SIMPLE_PRIORITY_SCHEDULING_FALSE=''
HAVE_SIMPLE_PRIORITY_SCHEDULING_TRUE=''
HTML_DIR='${datadir}/gtk-doc/html'
INSTALL_DATA='${INSTALL} -m 644'
INSTALL_PROGRAM='${INSTALL}'
INSTALL_SCRIPT='${INSTALL}'
INSTALL_STRIP_PROGRAM='$(install_sh) -c -s'
INSTOBJEXT='.mo'
INTLLIBS=''
INTLTOOL_CAVES_RULE='%.caves:     %.caves.in     $(INTLTOOL_MERGE) $(wildcard $(top_srcdir)/po/*.po) ; LC_ALL=C $(INTLTOOL_MERGE) -d -u -c $(top_builddir)/po/.intltool-merge-cache $(top_srcdir)/po $< $@'
INTLTOOL_DESKTOP_RULE='%.desktop:   %.desktop.in   $(INTLTOOL_MERGE) $(wildcard $(top_srcdir)/po/*.po) ; LC_ALL=C $(INTLTOOL_MERGE) -d -u -c $(top_builddir)/po/.intltool-merge-cache $(top_srcdir)/po $< $@'
INTLTOOL_DIRECTORY_RULE='%.directory: %.directory.in $(INTLTOOL_MERGE) $(wildcard $(top_srcdir)/po/*.po) ; LC_ALL=C $(INTLTOOL_MERGE) -d -u -c $(top_builddir)/po/.intltool-merge-cache $(top_srcdir)/po $< $@'
INTLTOOL_EXTRACT='/usr/bin/intltool-extract'
INTLTOOL_KBD_RULE='%.kbd:       %.kbd.in       $(INTLTOOL_MERGE) $(wildcard $(top_srcdir)/po/*.po) ; LC_ALL=C $(INTLTOOL_MERGE) -x -u -m -c $(top_builddir)/po/.intltool-merge-cache $(top_srcdir)/po $< $@'
INTLTOOL_KEYS_RULE='%.keys:      %.keys.in      $(INTLTOOL_MERGE) $(wildcard $(top_srcdir)/po/*.po) ; LC_ALL=C $(INTLTOOL_MERGE) -k -u -c $(top_builddir)/po/.intltool-merge-cache $(top_srcdir)/po $< $@'
INTLTOOL_MERGE='/usr/bin/intltool-merge'
INTLTOOL_OAF_RULE='%.oaf:       %.oaf.in       $(INTLTOOL_MERGE) $(wildcard $(top_srcdir)/po/*.po) ; LC_ALL=C $(INTLTOOL_MERGE) -o -p $(top_srcdir)/po $< $@'
INTLTOOL_PERL='/usr/bin/perl'
INTLTOOL_POLICY_RULE='%.policy:    %.policy.in    $(INTLTOOL_MERGE) $(wildcard $(top_srcdir)/po/*.po) ; LC_ALL=C $(INTLTOOL_MERGE) -x -u -c $(top_builddir)/po/.intltool-merge-cache $(top_srcdir)/po $< $@'
INTLTOOL_PONG_RULE='%.pong:      %.pong.in      $(INTLTOOL_MERGE) $(wildcard $(top_srcdir)/po/*.po) ; LC_ALL=C $(INTLTOOL_MERGE) -x -u -c $(top_builddir)/po/.intltool-merge-cache $(top_srcdir)/po $< $@'
INTLTOOL_PROP_RULE='%.prop:      %.prop.in      $(INTLTOOL_MERGE) $(wildcard $(top_srcdir)/po/*.po) ; LC_ALL=C $(INTLTOOL_MERGE) -d -u -c $(top_builddir)/po/.intltool-merge-cache $(top_srcdir)/po $< $@'
INTLTOOL_SCHEMAS_RULE='%.schemas:   %.schemas.in   $(INTLTOOL_MERGE) $(wildcard $(top_srcdir)/po/*.po) ; LC_ALL=C $(INTLTOOL_MERGE) -s -u -c $(top_builddir)/po/.intltool-merge-cache $(top_srcdir)/po $< $@'
INTLTOOL_SERVER_RULE='%.server:    %.server.in    $(INTLTOOL_MERGE) $(wildcard $(top_srcdir)/po/*.po) ; LC_ALL=C $(INTLTOOL_MERGE) -o -u -c $(top_builddir)/po/.intltool-merge-cache $(top_srcdir)/po $< $@'
INTLTOOL_SERVICE_RULE='%.service: %.service.in   $(INTLTOOL_MERGE) $(wildcard $(top_srcdir)/po/*.po) ; LC_ALL=C $(INTLTOOL_MERGE) -d -u -c $(top_builddir)/po/.intltool-merge-cache $(top_srcdir)/po $< $@'
INTLTOOL_SHEET_RULE='%.sheet:     %.sheet.in     $(INTLTOOL_MERGE) $(wildcard $(top_srcdir)/po/*.po) ; LC_ALL=C $(INTLTOOL_MERGE) -x -u -c $(top_builddir)/po/.intltool-merge-cache $(top_srcdir)/po $< $@'
INTLTOOL_SOUNDLIST_RULE='%.soundlist: %.soundlist.in $(INTLTOOL_MERGE) $(wildcard $(top_srcdir)/po/*.po) ; LC_ALL=C $(INTLTOOL_MERGE) -d -u -c $(top_builddir)/po/.intltool-merge-cache $(top_srcdir)/po $< $@'
INTLTOOL_THEME_RULE='%.theme:     %.theme.in     $(INTLTOOL_MERGE) $(wildcard $(top_srcdir)/po/*.po) ; LC_ALL=C $(INTLTOOL_MERGE) -d -u -c $(top_builddir)/po/.intltool-merge-cache $(top_srcdir)/po $< $@'
INTLTOOL_UI_RULE='%.ui:        %.ui.in        $(INTLTOOL_MERGE) $(wildcard $(top_srcdir)/po/*.po) ; LC_ALL=C $(INTLTOOL_MERGE) -x -u -c $(top_builddir)/po/.intltool-merge-cache $(top_srcdir)/po $< $@'
INTLTOOL_UPDATE='/usr/bin/intltool-update'
INTLTOOL_XAM_RULE='%.xam:       %.xml.in       $(INTLTOOL_MERGE) $(wildcard $(top_srcdir)/po/*.po) ; LC_ALL=C $(INTLTOOL_MERGE) -x -u -c $(top_builddir)/po/.intltool-merge-cache $(top_srcdir)/po $< $@'
INTLTOOL_XML_NOMERGE_RULE='%.xml:       %.xml.in       $(INTLTOOL_MERGE) ; LC_ALL=C $(INTLTOOL_MERGE) -x -u /tmp $< $@'
INTLTOOL_XML_RULE='%.xml:       %.xml.in       $(INTLTOOL_MERGE) $(wildcard $(top_srcdir)/po/*.po) ; LC_ALL=C $(INTLTOOL_MERGE) -x -u -c $(top_builddir)/po/.intltool-merge-cache $(top_srcdir)/po $< $@'
LD='/usr/bin/ld'
LDFLAGS=''
LIBOBJS=''
LIBPLANNER_CFLAGS='-pthread -I/usr/include/glib-2.0 -I/usr/lib/i386-linux-gnu/glib-2.0/include -I/usr/include/libxml2  '
LIBPLANNER_LIBS='-Wl,--export-dynamic -pthread -lxml2 -lgobject-2.0 -lgmodule-2.0 -lrt -lglib-2.0  '
LIBS=''
LIBTOOL='$(SHELL) $(top_builddir)/libtool'
LIPO=''
LN_S='ln -s'
LTLIBOBJS=''
MAKEINFO='${SHELL} /home/zms/workspace/Plannerbinxy/missing --run makeinfo'
MKDIR_P='/bin/mkdir -p'
MKINSTALLDIRS='./mkinstalldirs'
MSGFMT='/usr/bin/msgfmt'
MSGFMT_OPTS='-c'
MSGMERGE='/usr/bin/msgmerge'
NM='/usr/bin/nm -B'
NMEDIT=''
OBJDUMP='objdump'
OBJEXT='o'
OTOOL64=''
OTOOL=''
PACKAGE='planner'
PACKAGE_BUGREPORT=''
PACKAGE_NAME=''
PACKAGE_STRING=''
PACKAGE_TARNAME=''
PACKAGE_URL=''
PACKAGE_VERSION=''
PATH_SEPARATOR=':'
PKG_CONFIG='/usr/bin/pkg-config'
PLANNER_CFLAGS='-pthread -DORBIT2=1 -D_REENTRANT -I/usr/include/glib-2.0 -I/usr/lib/i386-linux-gnu/glib-2.0/include -I/usr/include/gtk-2.0 -I/usr/lib/i386-linux-gnu/gtk-2.0/include -I/usr/include/atk-1.0 -I/usr/include/cairo -I/usr/include/gdk-pixbuf-2.0 -I/usr/include/pango-1.0 -I/usr/include/gio-unix-2.0/ -I/usr/include/pixman-1 -I/usr/include/freetype2 -I/usr/include/libpng12 -I/usr/include/libgnomecanvas-2.0 -I/usr/include/gail-1.0 -I/usr/include/libart-2.0 -I/usr/include/libgnomeui-2.0 -I/usr/include/gconf/2 -I/usr/include/gnome-keyring-1 -I/usr/include/libgnome-2.0 -I/usr/include/libbonoboui-2.0 -I/usr/include/gnome-vfs-2.0 -I/usr/lib/i386-linux-gnu/gnome-vfs-2.0/include -I/usr/include/dbus-1.0 -I/usr/lib/i386-linux-gnu/dbus-1.0/include -I/usr/include/orbit-2.0 -I/usr/include/libbonobo-2.0 -I/usr/include/bonobo-activation-2.0 -I/usr/include/libxml2 -I/usr/include/libglade-2.0  '
PLANNER_LIBS='-Wl,--export-dynamic -pthread -lgnomeui-2 -lSM -lICE -lbonoboui-2 -lgnomevfs-2 -lgnomecanvas-2 -lgnome-2 -lpopt -lbonobo-2 -lbonobo-activation -lORBit-2 -lart_lgpl_2 -lgthread-2.0 -lgmodule-2.0 -lrt -lglade-2.0 -lgtk-x11-2.0 -lxml2 -lgdk-x11-2.0 -latk-1.0 -lgio-2.0 -lpangoft2-1.0 -lpangocairo-1.0 -lgdk_pixbuf-2.0 -lcairo -lpango-1.0 -lfreetype -lfontconfig -lgobject-2.0 -lgconf-2 -lglib-2.0  '
POFILES=''
POSUB='po'
PO_IN_DATADIR_FALSE=''
PO_IN_DATADIR_TRUE=''
PYGOBJECT_CODEGEN=''
PYGTK_CFLAGS=''
PYGTK_DEFSDIR=''
PYGTK_LIBS=''
PYTHON='/usr/bin/python'
PYTHON_EXEC_PREFIX='${exec_prefix}'
PYTHON_INCLUDES='-I/usr/include/python2.7'
PYTHON_LDFLAGS=''
PYTHON_PLATFORM='linux2'
PYTHON_PREFIX='${prefix}'
PYTHON_VERSION='2.7'
RANLIB='ranlib'
SCROLLKEEPER_CONFIG='/usr/bin/scrollkeeper-config'
SED='/bin/sed'
SET_MAKE=''
SHELL='/bin/sh'
STRIP='strip'
UPDATE_DESKTOP_DATABASE='/usr/bin/update-desktop-database'
UPDATE_MIME_DATABASE='/usr/bin/update-mime-database'
USE_NLS='yes'
VERSION='0.14.6'
WARN_CFLAGS=''
XGETTEXT='/usr/bin/xgettext'
XSLT_CFLAGS='-I/usr/include/libxml2  '
XSLT_LIBS='-lexslt -lxslt -lxml2  '
ac_ct_CC='gcc'
ac_ct_DUMPBIN=''
am__EXEEXT_FALSE=''
am__EXEEXT_TRUE=''
am__fastdepCC_FALSE='#'
am__fastdepCC_TRUE=''
am__include='include'
am__isrc=''
am__leading_dot='.'
am__quote=''
am__tar='${AMTAR} chof - "$$tardir"'
am__untar='${AMTAR} xf -'
bindir='${exec_prefix}/bin'
build='i686-pc-linux-gnu'
build_alias=''
build_cpu='i686'
build_os='linux-gnu'
build_vendor='pc'
datadir='${datarootdir}'
datarootdir='${prefix}/share'
docdir='${datarootdir}/doc/${PACKAGE}'
dvidir='${docdir}'
exec_prefix='NONE'
extensiondir=''
host='i686-pc-linux-gnu'
host_alias=''
host_cpu='i686'
host_os='linux-gnu'
host_vendor='pc'
htmldir='${docdir}'
includedir='${prefix}/include'
infodir='${datarootdir}/info'
install_sh='${SHELL} /home/zms/workspace/Plannerbinxy/install-sh'
libdir='${exec_prefix}/lib'
libexecdir='${exec_prefix}/libexec'
localedir='${datarootdir}/locale'
localstatedir='${prefix}/var'
lt_ECHO='echo'
mandir='${datarootdir}/man'
mkdir_p='/bin/mkdir -p'
oldincludedir='/usr/include'
pdfdir='${docdir}'
pkgpyexecdir='${pyexecdir}/planner'
pkgpythondir='${pythondir}/planner'
plugindir=''
prefix='NONE'
program_transform_name='s,x,x,'
psdir='${docdir}'
pyexecdir='${exec_prefix}/lib/python2.7/dist-packages'
pythondir='${prefix}/lib/python2.7/dist-packages'
sbindir='${exec_prefix}/sbin'
sharedstatedir='${prefix}/com'
sysconfdir='${prefix}/etc'
target_alias=''

## ----------- ##
## confdefs.h. ##
## ----------- ##

/* confdefs.h */
#define PACKAGE_NAME ""
#define PACKAGE_TARNAME ""
#define PACKAGE_VERSION ""
#define PACKAGE_STRING ""
#define PACKAGE_BUGREPORT ""
#define PACKAGE_URL ""
#define PACKAGE "planner"
#define VERSION "0.14.6"
#define STDC_HEADERS 1
#define HAVE_SYS_TYPES_H 1
#define HAVE_SYS_STAT_H 1
#define HAVE_STDLIB_H 1
#define HAVE_STRING_H 1
#define HAVE_MEMORY_H 1
#define HAVE_STRINGS_H 1
#define HAVE_INTTYPES_H 1
#define HAVE_STDINT_H 1
#define HAVE_UNISTD_H 1
#define HAVE_DLFCN_H 1
#define LT_OBJDIR ".libs/"
#define WITH_GNOME 1
#define GETTEXT_PACKAGE "planner"
#define HAVE_LOCALE_H 1
#define HAVE_LC_MESSAGES 1
#define HAVE_BIND_TEXTDOMAIN_CODESET 1
#define HAVE_GETTEXT 1
#define HAVE_DCGETTEXT 1
#define ENABLE_NLS 1
#define GNOMELOCALEDIR "/usr/local/share/locale"

configure: caught signal 2
configure: exit 1

## ---------------------- ##
## Running config.status. ##
## ---------------------- ##

This file was extended by config.status, which was
generated by GNU Autoconf 2.68.  Invocation command line was

  CONFIG_FILES    = 
  CONFIG_HEADERS  = 
  CONFIG_LINKS    = 
  CONFIG_COMMANDS = 
  $ ./config.status libplanner/Makefile depfiles

on zms-virtual-machine

config.status:1243: creating libplanner/Makefile
config.status:1472: executing depfiles commands

## ---------------------- ##
## Running config.status. ##
## ---------------------- ##

This file was extended by config.status, which was
generated by GNU Autoconf 2.68.  Invocation command line was

  CONFIG_FILES    = 
  CONFIG_HEADERS  = 
  CONFIG_LINKS    = 
  CONFIG_COMMANDS = 
  $ ./config.status src/Makefile depfiles

on zms-virtual-machine

config.status:1243: creating src/Makefile
config.status:1472: executing depfiles commands

## ---------------------- ##
## Running config.status. ##
## ---------------------- ##

This file was extended by config.status, which was
generated by GNU Autoconf 2.68.  Invocation command line was

  CONFIG_FILES    = 
  CONFIG_HEADERS  = 
  CONFIG_LINKS    = 
  CONFIG_COMMANDS = 
  $ ./config.status Makefile

on zms-virtual-machine

config.status:1243: creating Makefile

## ---------------------- ##
## Running config.status. ##
## ---------------------- ##

This file was extended by config.status, which was
generated by GNU Autoconf 2.68.  Invocation command line was

  CONFIG_FILES    = 
  CONFIG_HEADERS  = 
  CONFIG_LINKS    = 
  CONFIG_COMMANDS = 
  $ ./config.status tests/Makefile depfiles

on zms-virtual-machine

config.status:1243: creating tests/Makefile
config.status:1472: executing depfiles commands

## ---------------------- ##
## Running config.status. ##
## ---------------------- ##

This file was extended by config.status, which was
generated by GNU Autoconf 2.68.  Invocation command line was

  CONFIG_FILES    = 
  CONFIG_HEADERS  = 
  CONFIG_LINKS    = 
  CONFIG_COMMANDS = 
  $ ./config.status tests/files/Makefile

on zms-virtual-machine

config.status:1243: creating tests/files/Makefile

## ---------------------- ##
## Running config.status. ##
## ---------------------- ##

This file was extended by config.status, which was
generated by GNU Autoconf 2.68.  Invocation command line was

  CONFIG_FILES    = 
  CONFIG_HEADERS  = 
  CONFIG_LINKS    = 
  CONFIG_COMMANDS = 
  $ ./config.status examples/Makefile

on zms-virtual-machine

config.status:1243: creating examples/Makefile

## ---------------------- ##
## Running config.status. ##
## ---------------------- ##

This file was extended by config.status, which was
generated by GNU Autoconf 2.68.  Invocation command line was

  CONFIG_FILES    = 
  CONFIG_HEADERS  = 
  CONFIG_LINKS    = 
  CONFIG_COMMANDS = 
  $ ./config.status docs/Makefile

on zms-virtual-machine

config.status:1243: creating docs/Makefile

## ---------------------- ##
## Running config.status. ##
## ---------------------- ##

This file was extended by config.status, which was
generated by GNU Autoconf 2.68.  Invocation command line was

  CONFIG_FILES    = 
  CONFIG_HEADERS  = 
  CONFIG_LINKS    = 
  CONFIG_COMMANDS = 
  $ ./config.status docs/sql/Makefile

on zms-virtual-machine

config.status:1243: creating docs/sql/Makefile

## ---------------------- ##
## Running config.status. ##
## ---------------------- ##

This file was extended by config.status, which was
generated by GNU Autoconf 2.68.  Invocation command line was

  CONFIG_FILES    = 
  CONFIG_HEADERS  = 
  CONFIG_LINKS    = 
  CONFIG_COMMANDS = 
  $ ./config.status docs/user-guide/Makefile

on zms-virtual-machine

config.status:1243: creating docs/user-guide/Makefile

## ---------------------- ##
## Running config.status. ##
## ---------------------- ##

This file was extended by config.status, which was
generated by GNU Autoconf 2.68.  Invocation command line was

  CONFIG_FILES    = 
  CONFIG_HEADERS  = 
  CONFIG_LINKS    = 
  CONFIG_COMMANDS = 
  $ ./config.status docs/user-guide/eu/Makefile

on zms-virtual-machine

config.status:1243: creating docs/user-guide/eu/Makefile

## ---------------------- ##
## Running config.status. ##
## ---------------------- ##

This file was extended by config.status, which was
generated by GNU Autoconf 2.68.  Invocation command line was

  CONFIG_FILES    = 
  CONFIG_HEADERS  = 
  CONFIG_LINKS    = 
  CONFIG_COMMANDS = 
  $ ./config.status docs/user-guide/C/Makefile

on zms-virtual-machine

config.status:1243: creating docs/user-guide/C/Makefile

## ---------------------- ##
## Running config.status. ##
## ---------------------- ##

This file was extended by config.status, which was
generated by GNU Autoconf 2.68.  Invocation command line was

  CONFIG_FILES    = 
  CONFIG_HEADERS  = 
  CONFIG_LINKS    = 
  CONFIG_COMMANDS = 
  $ ./config.status docs/libplanner/Makefile

on zms-virtual-machine

config.status:1243: creating docs/libplanner/Makefile

## ---------------------- ##
## Running config.status. ##
## ---------------------- ##

This file was extended by config.status, which was
generated by GNU Autoconf 2.68.  Invocation command line was

  CONFIG_FILES    = 
  CONFIG_HEADERS  = 
  CONFIG_LINKS    = 
  CONFIG_COMMANDS = 
  $ ./config.status data/Makefile

on zms-virtual-machine

config.status:1243: creating data/Makefile

## ---------------------- ##
## Running config.status. ##
## ---------------------- ##

This file was extended by config.status, which was
generated by GNU Autoconf 2.68.  Invocation command line was

  CONFIG_FILES    = 
  CONFIG_HEADERS  = 
  CONFIG_LINKS    = 
  CONFIG_COMMANDS = 
  $ ./config.status data/sql/Makefile

on zms-virtual-machine

config.status:1243: creating data/sql/Makefile

## ---------------------- ##
## Running config.status. ##
## ---------------------- ##

This file was extended by config.status, which was
generated by GNU Autoconf 2.68.  Invocation command line was

  CONFIG_FILES    = 
  CONFIG_HEADERS  = 
  CONFIG_LINKS    = 
  CONFIG_COMMANDS = 
  $ ./config.status data/mime/Makefile

on zms-virtual-machine

config.status:1243: creating data/mime/Makefile

## ---------------------- ##
## Running config.status. ##
## ---------------------- ##

This file was extended by config.status, which was
generated by GNU Autoconf 2.68.  Invocation command line was

  CONFIG_FILES    = 
  CONFIG_HEADERS  = 
  CONFIG_LINKS    = 
  CONFIG_COMMANDS = 
  $ ./config.status data/stylesheets/Makefile

on zms-virtual-machine

config.status:1243: creating data/stylesheets/Makefile

## ---------------------- ##
## Running config.status. ##
## ---------------------- ##

This file was extended by config.status, which was
generated by GNU Autoconf 2.68.  Invocation command line was

  CONFIG_FILES    = 
  CONFIG_HEADERS  = 
  CONFIG_LINKS    = 
  CONFIG_COMMANDS = 
  $ ./config.status data/dtd/Makefile

on zms-virtual-machine

config.status:1243: creating data/dtd/Makefile

## ---------------------- ##
## Running config.status. ##
## ---------------------- ##

This file was extended by config.status, which was
generated by GNU Autoconf 2.68.  Invocation command line was

  CONFIG_FILES    = 
  CONFIG_HEADERS  = 
  CONFIG_LINKS    = 
  CONFIG_COMMANDS = 
  $ ./config.status data/ui/Makefile

on zms-virtual-machine

config.status:1243: creating data/ui/Makefile

## ---------------------- ##
## Running config.status. ##
## ---------------------- ##

This file was extended by config.status, which was
generated by GNU Autoconf 2.68.  Invocation command line was

  CONFIG_FILES    = 
  CONFIG_HEADERS  = 
  CONFIG_LINKS    = 
  CONFIG_COMMANDS = 
  $ ./config.status data/images/Makefile

on zms-virtual-machine

config.status:1243: creating data/images/Makefile

## ---------------------- ##
## Running config.status. ##
## ---------------------- ##

This file was extended by config.status, which was
generated by GNU Autoconf 2.68.  Invocation command line was

  CONFIG_FILES    = 
  CONFIG_HEADERS  = 
  CONFIG_LINKS    = 
  CONFIG_COMMANDS = 
  $ ./config.status data/glade/Makefile

on zms-virtual-machine

config.status:1243: creating data/glade/Makefile

## ---------------------- ##
## Running config.status. ##
## ---------------------- ##

This file was extended by config.status, which was
generated by GNU Autoconf 2.68.  Invocation command line was

  CONFIG_FILES    = 
  CONFIG_HEADERS  = 
  CONFIG_LINKS    = 
  CONFIG_COMMANDS = 
  $ ./config.status libplanner/Makefile depfiles

on zms-virtual-machine

config.status:1243: creating libplanner/Makefile
config.status:1472: executing depfiles commands

## ---------------------- ##
## Running config.status. ##
## ---------------------- ##

This file was extended by config.status, which was
generated by GNU Autoconf 2.68.  Invocation command line was

  CONFIG_FILES    = 
  CONFIG_HEADERS  = 
  CONFIG_LINKS    = 
  CONFIG_COMMANDS = 
  $ ./config.status src/Makefile depfiles

on zms-virtual-machine

config.status:1243: creating src/Makefile
config.status:1472: executing depfiles commands

## ---------------------- ##
## Running config.status. ##
## ---------------------- ##

This file was extended by config.status, which was
generated by GNU Autoconf 2.68.  Invocation command line was

  CONFIG_FILES    = 
  CONFIG_HEADERS  = 
  CONFIG_LINKS    = 
  CONFIG_COMMANDS = 
  $ ./config.status Makefile

on zms-virtual-machine

config.status:1243: creating Makefile

## ---------------------- ##
## Running config.status. ##
## ---------------------- ##

This file was extended by config.status, which was
generated by GNU Autoconf 2.68.  Invocation command line was

  CONFIG_FILES    = 
  CONFIG_HEADERS  = 
  CONFIG_LINKS    = 
  CONFIG_COMMANDS = 
  $ ./config.status libplanner/Makefile depfiles

on zms-virtual-machine

config.status:1243: creating libplanner/Makefile
config.status:1472: executing depfiles commands

## ---------------------- ##
## Running config.status. ##
## ---------------------- ##

This file was extended by config.status, which was
generated by GNU Autoconf 2.68.  Invocation command line was

  CONFIG_FILES    = 
  CONFIG_HEADERS  = 
  CONFIG_LINKS    = 
  CONFIG_COMMANDS = 
  $ ./config.status data/Makefile

on zms-virtual-machine

config.status:1243: creating data/Makefile

## ---------------------- ##
## Running config.status. ##
## ---------------------- ##

This file was extended by config.status, which was
generated by GNU Autoconf 2.68.  Invocation command line was

  CONFIG_FILES    = 
  CONFIG_HEADERS  = 
  CONFIG_LINKS    = 
  CONFIG_COMMANDS = 
  $ ./config.status data/glade/Makefile

on zms-virtual-machine

config.status:1243: creating data/glade/Makefile

## ---------------------- ##
## Running config.status. ##
## ---------------------- ##

This file was extended by config.status, which was
generated by GNU Autoconf 2.68.  Invocation command line was

  CONFIG_FILES    = 
  CONFIG_HEADERS  = 
  CONFIG_LINKS    = 
  CONFIG_COMMANDS = 
  $ ./config.status data/images/Makefile

on zms-virtual-machine

config.status:1243: creating data/images/Makefile

## ---------------------- ##
## Running config.status. ##
## ---------------------- ##

This file was extended by config.status, which was
generated by GNU Autoconf 2.68.  Invocation command line was

  CONFIG_FILES    = 
  CONFIG_HEADERS  = 
  CONFIG_LINKS    = 
  CONFIG_COMMANDS = 
  $ ./config.status data/ui/Makefile

on zms-virtual-machine

config.status:1243: creating data/ui/Makefile

## ---------------------- ##
## Running config.status. ##
## ---------------------- ##

This file was extended by config.status, which was
generated by GNU Autoconf 2.68.  Invocation command line was

  CONFIG_FILES    = 
  CONFIG_HEADERS  = 
  CONFIG_LINKS    = 
  CONFIG_COMMANDS = 
  $ ./config.status data/dtd/Makefile

on zms-virtual-machine

config.status:1243: creating data/dtd/Makefile

## ---------------------- ##
## Running config.status. ##
## ---------------------- ##

This file was extended by config.status, which was
generated by GNU Autoconf 2.68.  Invocation command line was

  CONFIG_FILES    = 
  CONFIG_HEADERS  = 
  CONFIG_LINKS    = 
  CONFIG_COMMANDS = 
  $ ./config.status data/stylesheets/Makefile

on zms-virtual-machine

config.status:1243: creating data/stylesheets/Makefile

## ---------------------- ##
## Running config.status. ##
## ---------------------- ##

This file was extended by config.status, which was
generated by GNU Autoconf 2.68.  Invocation command line was

  CONFIG_FILES    = 
  CONFIG_HEADERS  = 
  CONFIG_LINKS    = 
  CONFIG_COMMANDS = 
  $ ./config.status data/mime/Makefile

on zms-virtual-machine

config.status:1243: creating data/mime/Makefile

## ---------------------- ##
## Running config.status. ##
## ---------------------- ##

This file was extended by config.status, which was
generated by GNU Autoconf 2.68.  Invocation command line was

  CONFIG_FILES    = 
  CONFIG_HEADERS  = 
  CONFIG_LINKS    = 
  CONFIG_COMMANDS = 
  $ ./config.status data/sql/Makefile

on zms-virtual-machine

config.status:1243: creating data/sql/Makefile

## ---------------------- ##
## Running config.status. ##
## ---------------------- ##

This file was extended by config.status, which was
generated by GNU Autoconf 2.68.  Invocation command line was

  CONFIG_FILES    = 
  CONFIG_HEADERS  = 
  CONFIG_LINKS    = 
  CONFIG_COMMANDS = 
  $ ./config.status docs/Makefile

on zms-virtual-machine

config.status:1243: creating docs/Makefile

## ---------------------- ##
## Running config.status. ##
## ---------------------- ##

This file was extended by config.status, which was
generated by GNU Autoconf 2.68.  Invocation command line was

  CONFIG_FILES    = 
  CONFIG_HEADERS  = 
  CONFIG_LINKS    = 
  CONFIG_COMMANDS = 
  $ ./config.status docs/libplanner/Makefile

on zms-virtual-machine

config.status:1243: creating docs/libplanner/Makefile

## ---------------------- ##
## Running config.status. ##
## ---------------------- ##

This file was extended by config.status, which was
generated by GNU Autoconf 2.68.  Invocation command line was

  CONFIG_FILES    = 
  CONFIG_HEADERS  = 
  CONFIG_LINKS    = 
  CONFIG_COMMANDS = 
  $ ./config.status docs/user-guide/Makefile

on zms-virtual-machine

config.status:1243: creating docs/user-guide/Makefile

## ---------------------- ##
## Running config.status. ##
## ---------------------- ##

This file was extended by config.status, which was
generated by GNU Autoconf 2.68.  Invocation command line was

  CONFIG_FILES    = 
  CONFIG_HEADERS  = 
  CONFIG_LINKS    = 
  CONFIG_COMMANDS = 
  $ ./config.status docs/user-guide/C/Makefile

on zms-virtual-machine

config.status:1243: creating docs/user-guide/C/Makefile

## ---------------------- ##
## Running config.status. ##
## ---------------------- ##

This file was extended by config.status, which was
generated by GNU Autoconf 2.68.  Invocation command line was

  CONFIG_FILES    = 
  CONFIG_HEADERS  = 
  CONFIG_LINKS    = 
  CONFIG_COMMANDS = 
  $ ./config.status docs/user-guide/eu/Makefile

on zms-virtual-machine

config.status:1243: creating docs/user-guide/eu/Makefile

## ---------------------- ##
## Running config.status. ##
## ---------------------- ##

This file was extended by config.status, which was
generated by GNU Autoconf 2.68.  Invocation command line was

  CONFIG_FILES    = 
  CONFIG_HEADERS  = 
  CONFIG_LINKS    = 
  CONFIG_COMMANDS = 
  $ ./config.status docs/sql/Makefile

on zms-virtual-machine

config.status:1243: creating docs/sql/Makefile

## ---------------------- ##
## Running config.status. ##
## ---------------------- ##

This file was extended by config.status, which was
generated by GNU Autoconf 2.68.  Invocation command line was

  CONFIG_FILES    = 
  CONFIG_HEADERS  = 
  CONFIG_LINKS    = 
  CONFIG_COMMANDS = 
  $ ./config.status examples/Makefile

on zms-virtual-machine

config.status:1243: creating examples/Makefile

## ---------------------- ##
## Running config.status. ##
## ---------------------- ##

This file was extended by config.status, which was
generated by GNU Autoconf 2.68.  Invocation command line was

  CONFIG_FILES    = 
  CONFIG_HEADERS  = 
  CONFIG_LINKS    = 
  CONFIG_COMMANDS = 
  $ ./config.status tests/Makefile depfiles

on zms-virtual-machine

config.status:1243: creating tests/Makefile
config.status:1472: executing depfiles commands

## ---------------------- ##
## Running config.status. ##
## ---------------------- ##

This file was extended by config.status, which was
generated by GNU Autoconf 2.68.  Invocation command line was

  CONFIG_FILES    = 
  CONFIG_HEADERS  = 
  CONFIG_LINKS    = 
  CONFIG_COMMANDS = 
  $ ./config.status tests/files/Makefile

on zms-virtual-machine

config.status:1243: creating tests/files/Makefile

## ---------------------- ##
## Running config.status. ##
## ---------------------- ##

This file was extended by config.status, which was
generated by GNU Autoconf 2.68.  Invocation command line was

  CONFIG_FILES    = 
  CONFIG_HEADERS  = 
  CONFIG_LINKS    = 
  CONFIG_COMMANDS = 
  $ ./config.status data/glade/Makefile

on zms-virtual-machine

config.status:1243: creating data/glade/Makefile

## ---------------------- ##
## Running config.status. ##
## ---------------------- ##

This file was extended by config.status, which was
generated by GNU Autoconf 2.68.  Invocation command line was

  CONFIG_FILES    = 
  CONFIG_HEADERS  = 
  CONFIG_LINKS    = 
  CONFIG_COMMANDS = 
  $ ./config.status src/Makefile depfiles

on zms-PC

config.status:1243: creating src/Makefile
config.status:1395: error: could not create src/Makefile

## ---------------------- ##
## Running config.status. ##
## ---------------------- ##

This file was extended by config.status, which was
generated by GNU Autoconf 2.68.  Invocation command line was

  CONFIG_FILES    = 
  CONFIG_HEADERS  = 
  CONFIG_LINKS    = 
  CONFIG_COMMANDS = 
  $ ./config.status src/Makefile depfiles

on zms-PC

config.status:1243: creating src/Makefile
config.status:1395: error: could not create src/Makefile
